{"C:\\Users\\caleb\\source\\repos\\mern-stack-app\\client\\src\\App.js": {"path":"C:\\Users\\caleb\\source\\repos\\mern-stack-app\\client\\src\\App.js","statementMap":{"0":{"start":{"line":11,"column":12},"end":{"line":116,"column":1}},"1":{"start":{"line":12,"column":2},"end":{"line":12,"column":29}},"2":{"start":{"line":13,"column":28},"end":{"line":13,"column":40}},"3":{"start":{"line":14,"column":52},"end":{"line":14,"column":67}},"4":{"start":{"line":15,"column":52},"end":{"line":15,"column":67}},"5":{"start":{"line":16,"column":40},"end":{"line":16,"column":54}},"6":{"start":{"line":17,"column":42},"end":{"line":17,"column":56}},"7":{"start":{"line":19,"column":23},"end":{"line":22,"column":3}},"8":{"start":{"line":20,"column":4},"end":{"line":20,"column":37}},"9":{"start":{"line":21,"column":4},"end":{"line":21,"column":26}},"10":{"start":{"line":24,"column":2},"end":{"line":29,"column":9}},"11":{"start":{"line":26,"column":4},"end":{"line":28,"column":42}},"12":{"start":{"line":27,"column":22},"end":{"line":27,"column":45}},"13":{"start":{"line":28,"column":20},"end":{"line":28,"column":40}},"14":{"start":{"line":31,"column":18},"end":{"line":33,"column":3}},"15":{"start":{"line":32,"column":4},"end":{"line":32,"column":34}},"16":{"start":{"line":35,"column":21},"end":{"line":39,"column":3}},"17":{"start":{"line":36,"column":4},"end":{"line":38,"column":66}},"18":{"start":{"line":37,"column":16},"end":{"line":37,"column":63}},"19":{"start":{"line":37,"column":46},"end":{"line":37,"column":61}},"20":{"start":{"line":38,"column":20},"end":{"line":38,"column":64}},"21":{"start":{"line":41,"column":19},"end":{"line":44,"column":3}},"22":{"start":{"line":42,"column":4},"end":{"line":42,"column":25}},"23":{"start":{"line":43,"column":4},"end":{"line":43,"column":31}},"24":{"start":{"line":46,"column":25},"end":{"line":49,"column":3}},"25":{"start":{"line":47,"column":4},"end":{"line":47,"column":25}},"26":{"start":{"line":48,"column":4},"end":{"line":48,"column":32}},"27":{"start":{"line":51,"column":21},"end":{"line":54,"column":3}},"28":{"start":{"line":52,"column":4},"end":{"line":52,"column":85}},"29":{"start":{"line":52,"column":32},"end":{"line":52,"column":81}},"30":{"start":{"line":53,"column":4},"end":{"line":53,"column":21}},"31":{"start":{"line":56,"column":2},"end":{"line":56,"column":13}},"32":{"start":{"line":58,"column":2},"end":{"line":115,"column":4}},"33":{"start":{"line":65,"column":31},"end":{"line":65,"column":57}},"34":{"start":{"line":79,"column":10},"end":{"line":87,"column":15}},"35":{"start":{"line":84,"column":37},"end":{"line":84,"column":51}},"36":{"start":{"line":85,"column":37},"end":{"line":85,"column":57}},"37":{"start":{"line":103,"column":41},"end":{"line":103,"column":68}}},"fnMap":{"0":{"name":"(anonymous_0)","decl":{"start":{"line":11,"column":12},"end":{"line":11,"column":13}},"loc":{"start":{"line":11,"column":18},"end":{"line":116,"column":1}},"line":11},"1":{"name":"(anonymous_1)","decl":{"start":{"line":19,"column":23},"end":{"line":19,"column":24}},"loc":{"start":{"line":19,"column":29},"end":{"line":22,"column":3}},"line":19},"2":{"name":"(anonymous_2)","decl":{"start":{"line":24,"column":12},"end":{"line":24,"column":13}},"loc":{"start":{"line":24,"column":18},"end":{"line":29,"column":3}},"line":24},"3":{"name":"(anonymous_3)","decl":{"start":{"line":27,"column":10},"end":{"line":27,"column":11}},"loc":{"start":{"line":27,"column":22},"end":{"line":27,"column":45}},"line":27},"4":{"name":"(anonymous_4)","decl":{"start":{"line":28,"column":11},"end":{"line":28,"column":12}},"loc":{"start":{"line":28,"column":20},"end":{"line":28,"column":40}},"line":28},"5":{"name":"(anonymous_5)","decl":{"start":{"line":31,"column":18},"end":{"line":31,"column":19}},"loc":{"start":{"line":31,"column":31},"end":{"line":33,"column":3}},"line":31},"6":{"name":"(anonymous_6)","decl":{"start":{"line":35,"column":21},"end":{"line":35,"column":22}},"loc":{"start":{"line":35,"column":29},"end":{"line":39,"column":3}},"line":35},"7":{"name":"(anonymous_7)","decl":{"start":{"line":37,"column":10},"end":{"line":37,"column":11}},"loc":{"start":{"line":37,"column":16},"end":{"line":37,"column":63}},"line":37},"8":{"name":"(anonymous_8)","decl":{"start":{"line":37,"column":38},"end":{"line":37,"column":39}},"loc":{"start":{"line":37,"column":46},"end":{"line":37,"column":61}},"line":37},"9":{"name":"(anonymous_9)","decl":{"start":{"line":38,"column":11},"end":{"line":38,"column":12}},"loc":{"start":{"line":38,"column":20},"end":{"line":38,"column":64}},"line":38},"10":{"name":"(anonymous_10)","decl":{"start":{"line":41,"column":19},"end":{"line":41,"column":20}},"loc":{"start":{"line":41,"column":29},"end":{"line":44,"column":3}},"line":41},"11":{"name":"(anonymous_11)","decl":{"start":{"line":46,"column":25},"end":{"line":46,"column":26}},"loc":{"start":{"line":46,"column":31},"end":{"line":49,"column":3}},"line":46},"12":{"name":"(anonymous_12)","decl":{"start":{"line":51,"column":21},"end":{"line":51,"column":22}},"loc":{"start":{"line":51,"column":38},"end":{"line":54,"column":3}},"line":51},"13":{"name":"(anonymous_13)","decl":{"start":{"line":52,"column":23},"end":{"line":52,"column":24}},"loc":{"start":{"line":52,"column":32},"end":{"line":52,"column":81}},"line":52},"14":{"name":"(anonymous_14)","decl":{"start":{"line":65,"column":25},"end":{"line":65,"column":26}},"loc":{"start":{"line":65,"column":31},"end":{"line":65,"column":57}},"line":65},"15":{"name":"(anonymous_15)","decl":{"start":{"line":78,"column":19},"end":{"line":78,"column":20}},"loc":{"start":{"line":79,"column":10},"end":{"line":87,"column":15}},"line":79},"16":{"name":"(anonymous_16)","decl":{"start":{"line":84,"column":31},"end":{"line":84,"column":32}},"loc":{"start":{"line":84,"column":37},"end":{"line":84,"column":51}},"line":84},"17":{"name":"(anonymous_17)","decl":{"start":{"line":85,"column":31},"end":{"line":85,"column":32}},"loc":{"start":{"line":85,"column":37},"end":{"line":85,"column":57}},"line":85},"18":{"name":"(anonymous_18)","decl":{"start":{"line":103,"column":35},"end":{"line":103,"column":36}},"loc":{"start":{"line":103,"column":41},"end":{"line":103,"column":68}},"line":103}},"branchMap":{"0":{"loc":{"start":{"line":52,"column":32},"end":{"line":52,"column":81}},"type":"cond-expr","locations":[{"start":{"line":52,"column":63},"end":{"line":52,"column":74}},{"start":{"line":52,"column":77},"end":{"line":52,"column":81}}],"line":52},"1":{"loc":{"start":{"line":58,"column":9},"end":{"line":115,"column":3}},"type":"cond-expr","locations":[{"start":{"line":60,"column":4},"end":{"line":107,"column":10}},{"start":{"line":109,"column":4},"end":{"line":114,"column":26}}],"line":58},"2":{"loc":{"start":{"line":82,"column":17},"end":{"line":82,"column":57}},"type":"cond-expr","locations":[{"start":{"line":82,"column":34},"end":{"line":82,"column":45}},{"start":{"line":82,"column":48},"end":{"line":82,"column":57}}],"line":82},"3":{"loc":{"start":{"line":92,"column":7},"end":{"line":98,"column":7}},"type":"binary-expr","locations":[{"start":{"line":92,"column":7},"end":{"line":92,"column":24}},{"start":{"line":93,"column":6},"end":{"line":97,"column":12}}],"line":92},"4":{"loc":{"start":{"line":100,"column":7},"end":{"line":106,"column":7}},"type":"binary-expr","locations":[{"start":{"line":100,"column":7},"end":{"line":100,"column":24}},{"start":{"line":101,"column":8},"end":{"line":105,"column":14}}],"line":100}},"s":{"0":0,"1":0,"2":0,"3":0,"4":0,"5":0,"6":0,"7":0,"8":0,"9":0,"10":0,"11":0,"12":0,"13":0,"14":0,"15":0,"16":0,"17":0,"18":0,"19":0,"20":0,"21":0,"22":0,"23":0,"24":0,"25":0,"26":0,"27":0,"28":0,"29":0,"30":0,"31":0,"32":0,"33":0,"34":0,"35":0,"36":0,"37":0},"f":{"0":0,"1":0,"2":0,"3":0,"4":0,"5":0,"6":0,"7":0,"8":0,"9":0,"10":0,"11":0,"12":0,"13":0,"14":0,"15":0,"16":0,"17":0,"18":0},"b":{"0":[0,0],"1":[0,0],"2":[0,0],"3":[0,0],"4":[0,0]}}
,"C:\\Users\\caleb\\source\\repos\\mern-stack-app\\client\\src\\index.js": {"path":"C:\\Users\\caleb\\source\\repos\\mern-stack-app\\client\\src\\index.js","statementMap":{"0":{"start":{"line":7,"column":13},"end":{"line":7,"column":65}},"1":{"start":{"line":8,"column":0},"end":{"line":12,"column":2}},"2":{"start":{"line":17,"column":0},"end":{"line":17,"column":18}}},"fnMap":{},"branchMap":{},"s":{"0":0,"1":0,"2":0},"f":{},"b":{}}
,"C:\\Users\\caleb\\source\\repos\\mern-stack-app\\client\\src\\reportWebVitals.js": {"path":"C:\\Users\\caleb\\source\\repos\\mern-stack-app\\client\\src\\reportWebVitals.js","statementMap":{"0":{"start":{"line":1,"column":24},"end":{"line":11,"column":1}},"1":{"start":{"line":2,"column":2},"end":{"line":10,"column":3}},"2":{"start":{"line":3,"column":4},"end":{"line":9,"column":7}},"3":{"start":{"line":4,"column":6},"end":{"line":4,"column":26}},"4":{"start":{"line":5,"column":6},"end":{"line":5,"column":26}},"5":{"start":{"line":6,"column":6},"end":{"line":6,"column":26}},"6":{"start":{"line":7,"column":6},"end":{"line":7,"column":26}},"7":{"start":{"line":8,"column":6},"end":{"line":8,"column":27}}},"fnMap":{"0":{"name":"(anonymous_0)","decl":{"start":{"line":1,"column":24},"end":{"line":1,"column":25}},"loc":{"start":{"line":1,"column":39},"end":{"line":11,"column":1}},"line":1},"1":{"name":"(anonymous_1)","decl":{"start":{"line":3,"column":30},"end":{"line":3,"column":31}},"loc":{"start":{"line":3,"column":79},"end":{"line":9,"column":5}},"line":3}},"branchMap":{"0":{"loc":{"start":{"line":2,"column":2},"end":{"line":10,"column":3}},"type":"if","locations":[{"start":{"line":2,"column":2},"end":{"line":10,"column":3}},{"start":{},"end":{}}],"line":2},"1":{"loc":{"start":{"line":2,"column":6},"end":{"line":2,"column":52}},"type":"binary-expr","locations":[{"start":{"line":2,"column":6},"end":{"line":2,"column":17}},{"start":{"line":2,"column":21},"end":{"line":2,"column":52}}],"line":2}},"s":{"0":0,"1":0,"2":0,"3":0,"4":0,"5":0,"6":0,"7":0},"f":{"0":0,"1":0},"b":{"0":[0,0],"1":[0,0]}}
,"C:\\Users\\caleb\\source\\repos\\mern-stack-app\\client\\src\\components\\AssignUsers.js": {"path":"C:\\Users\\caleb\\source\\repos\\mern-stack-app\\client\\src\\components\\AssignUsers.js","statementMap":{"0":{"start":{"line":6,"column":20},"end":{"line":36,"column":1}},"1":{"start":{"line":7,"column":46},"end":{"line":7,"column":58}},"2":{"start":{"line":9,"column":28},"end":{"line":16,"column":5}},"3":{"start":{"line":10,"column":8},"end":{"line":15,"column":9}},"4":{"start":{"line":11,"column":29},"end":{"line":11,"column":96}},"5":{"start":{"line":12,"column":12},"end":{"line":12,"column":33}},"6":{"start":{"line":14,"column":12},"end":{"line":14,"column":33}},"7":{"start":{"line":18,"column":25},"end":{"line":21,"column":5}},"8":{"start":{"line":19,"column":8},"end":{"line":19,"column":42}},"9":{"start":{"line":20,"column":8},"end":{"line":20,"column":67}},"10":{"start":{"line":20,"column":52},"end":{"line":20,"column":64}},"11":{"start":{"line":23,"column":4},"end":{"line":35,"column":6}}},"fnMap":{"0":{"name":"(anonymous_0)","decl":{"start":{"line":6,"column":20},"end":{"line":6,"column":21}},"loc":{"start":{"line":6,"column":43},"end":{"line":36,"column":1}},"line":6},"1":{"name":"(anonymous_1)","decl":{"start":{"line":9,"column":28},"end":{"line":9,"column":29}},"loc":{"start":{"line":9,"column":50},"end":{"line":16,"column":5}},"line":9},"2":{"name":"(anonymous_2)","decl":{"start":{"line":18,"column":25},"end":{"line":18,"column":26}},"loc":{"start":{"line":18,"column":46},"end":{"line":21,"column":5}},"line":18},"3":{"name":"(anonymous_3)","decl":{"start":{"line":20,"column":42},"end":{"line":20,"column":43}},"loc":{"start":{"line":20,"column":52},"end":{"line":20,"column":64}},"line":20}},"branchMap":{},"s":{"0":0,"1":0,"2":0,"3":0,"4":0,"5":0,"6":0,"7":0,"8":0,"9":0,"10":0,"11":0},"f":{"0":0,"1":0,"2":0,"3":0},"b":{}}
,"C:\\Users\\caleb\\source\\repos\\mern-stack-app\\client\\src\\components\\GoogleLogin.js": {"path":"C:\\Users\\caleb\\source\\repos\\mern-stack-app\\client\\src\\components\\GoogleLogin.js","statementMap":{"0":{"start":{"line":7,"column":20},"end":{"line":33,"column":1}},"1":{"start":{"line":8,"column":24},"end":{"line":22,"column":2}},"2":{"start":{"line":9,"column":2},"end":{"line":21,"column":3}},"3":{"start":{"line":10,"column":3},"end":{"line":18,"column":4}},"4":{"start":{"line":11,"column":4},"end":{"line":11,"column":33}},"5":{"start":{"line":12,"column":19},"end":{"line":12,"column":52}},"6":{"start":{"line":13,"column":4},"end":{"line":13,"column":47}},"7":{"start":{"line":14,"column":4},"end":{"line":14,"column":35}},"8":{"start":{"line":16,"column":4},"end":{"line":16,"column":28}},"9":{"start":{"line":17,"column":4},"end":{"line":17,"column":32}},"10":{"start":{"line":20,"column":3},"end":{"line":20,"column":18}},"11":{"start":{"line":24,"column":21},"end":{"line":28,"column":3}},"12":{"start":{"line":30,"column":1},"end":{"line":32,"column":3}}},"fnMap":{"0":{"name":"(anonymous_0)","decl":{"start":{"line":7,"column":20},"end":{"line":7,"column":21}},"loc":{"start":{"line":7,"column":31},"end":{"line":33,"column":1}},"line":7},"1":{"name":"(anonymous_1)","decl":{"start":{"line":8,"column":24},"end":{"line":8,"column":25}},"loc":{"start":{"line":8,"column":46},"end":{"line":22,"column":2}},"line":8}},"branchMap":{"0":{"loc":{"start":{"line":10,"column":3},"end":{"line":18,"column":4}},"type":"if","locations":[{"start":{"line":10,"column":3},"end":{"line":18,"column":4}},{"start":{"line":15,"column":10},"end":{"line":18,"column":4}}],"line":10}},"s":{"0":0,"1":0,"2":0,"3":0,"4":0,"5":0,"6":0,"7":0,"8":0,"9":0,"10":0,"11":0,"12":0},"f":{"0":0,"1":0},"b":{"0":[0,0]}}
,"C:\\Users\\caleb\\source\\repos\\mern-stack-app\\client\\src\\components\\Login.js": {"path":"C:\\Users\\caleb\\source\\repos\\mern-stack-app\\client\\src\\components\\Login.js","statementMap":{"0":{"start":{"line":6,"column":14},"end":{"line":61,"column":1}},"1":{"start":{"line":7,"column":36},"end":{"line":10,"column":6}},"2":{"start":{"line":11,"column":34},"end":{"line":11,"column":46}},"3":{"start":{"line":13,"column":35},"end":{"line":13,"column":43}},"4":{"start":{"line":15,"column":21},"end":{"line":16,"column":72}},"5":{"start":{"line":15,"column":26},"end":{"line":16,"column":72}},"6":{"start":{"line":18,"column":21},"end":{"line":37,"column":5}},"7":{"start":{"line":19,"column":8},"end":{"line":19,"column":27}},"8":{"start":{"line":20,"column":8},"end":{"line":36,"column":9}},"9":{"start":{"line":22,"column":16},"end":{"line":26,"column":14}},"10":{"start":{"line":27,"column":12},"end":{"line":27,"column":58}},"11":{"start":{"line":28,"column":12},"end":{"line":28,"column":38}},"12":{"start":{"line":31,"column":12},"end":{"line":31,"column":49}},"13":{"start":{"line":33,"column":12},"end":{"line":33,"column":45}},"14":{"start":{"line":35,"column":12},"end":{"line":35,"column":62}},"15":{"start":{"line":39,"column":4},"end":{"line":60,"column":6}}},"fnMap":{"0":{"name":"(anonymous_0)","decl":{"start":{"line":6,"column":14},"end":{"line":6,"column":15}},"loc":{"start":{"line":6,"column":39},"end":{"line":61,"column":1}},"line":6},"1":{"name":"(anonymous_1)","decl":{"start":{"line":15,"column":21},"end":{"line":15,"column":22}},"loc":{"start":{"line":15,"column":26},"end":{"line":16,"column":72}},"line":15},"2":{"name":"(anonymous_2)","decl":{"start":{"line":18,"column":21},"end":{"line":18,"column":22}},"loc":{"start":{"line":18,"column":32},"end":{"line":37,"column":5}},"line":18}},"branchMap":{},"s":{"0":0,"1":0,"2":0,"3":0,"4":0,"5":0,"6":0,"7":0,"8":0,"9":0,"10":0,"11":0,"12":0,"13":0,"14":0,"15":0},"f":{"0":0,"1":0,"2":0},"b":{}}
,"C:\\Users\\caleb\\source\\repos\\mern-stack-app\\client\\src\\components\\Register.js": {"path":"C:\\Users\\caleb\\source\\repos\\mern-stack-app\\client\\src\\components\\Register.js","statementMap":{"0":{"start":{"line":5,"column":17},"end":{"line":44,"column":1}},"1":{"start":{"line":6,"column":36},"end":{"line":10,"column":6}},"2":{"start":{"line":11,"column":34},"end":{"line":11,"column":46}},"3":{"start":{"line":13,"column":42},"end":{"line":13,"column":50}},"4":{"start":{"line":15,"column":21},"end":{"line":15,"column":87}},"5":{"start":{"line":15,"column":26},"end":{"line":15,"column":87}},"6":{"start":{"line":17,"column":21},"end":{"line":30,"column":5}},"7":{"start":{"line":18,"column":8},"end":{"line":18,"column":27}},"8":{"start":{"line":19,"column":8},"end":{"line":29,"column":9}},"9":{"start":{"line":20,"column":12},"end":{"line":24,"column":15}},"10":{"start":{"line":25,"column":12},"end":{"line":25,"column":50}},"11":{"start":{"line":27,"column":12},"end":{"line":27,"column":45}},"12":{"start":{"line":28,"column":12},"end":{"line":28,"column":66}},"13":{"start":{"line":32,"column":4},"end":{"line":43,"column":6}}},"fnMap":{"0":{"name":"(anonymous_0)","decl":{"start":{"line":5,"column":17},"end":{"line":5,"column":18}},"loc":{"start":{"line":5,"column":23},"end":{"line":44,"column":1}},"line":5},"1":{"name":"(anonymous_1)","decl":{"start":{"line":15,"column":21},"end":{"line":15,"column":22}},"loc":{"start":{"line":15,"column":26},"end":{"line":15,"column":87}},"line":15},"2":{"name":"(anonymous_2)","decl":{"start":{"line":17,"column":21},"end":{"line":17,"column":22}},"loc":{"start":{"line":17,"column":32},"end":{"line":30,"column":5}},"line":17}},"branchMap":{},"s":{"0":0,"1":0,"2":0,"3":0,"4":0,"5":0,"6":0,"7":0,"8":0,"9":0,"10":0,"11":0,"12":0,"13":0},"f":{"0":0,"1":0,"2":0},"b":{}}
,"C:\\Users\\caleb\\source\\repos\\mern-stack-app\\client\\src\\components\\Settings.js": {"path":"C:\\Users\\caleb\\source\\repos\\mern-stack-app\\client\\src\\components\\Settings.js","statementMap":{"0":{"start":{"line":5,"column":21},"end":{"line":34,"column":1}},"1":{"start":{"line":7,"column":24},"end":{"line":13,"column":5}},"2":{"start":{"line":8,"column":8},"end":{"line":12,"column":9}},"3":{"start":{"line":9,"column":12},"end":{"line":9,"column":22}},"4":{"start":{"line":11,"column":12},"end":{"line":11,"column":23}},"5":{"start":{"line":15,"column":24},"end":{"line":15,"column":34}},"6":{"start":{"line":16,"column":4},"end":{"line":16,"column":15}},"7":{"start":{"line":18,"column":4},"end":{"line":33,"column":6}},"8":{"start":{"line":26,"column":27},"end":{"line":26,"column":52}}},"fnMap":{"0":{"name":"(anonymous_0)","decl":{"start":{"line":5,"column":21},"end":{"line":5,"column":22}},"loc":{"start":{"line":5,"column":38},"end":{"line":34,"column":1}},"line":5},"1":{"name":"(anonymous_1)","decl":{"start":{"line":7,"column":24},"end":{"line":7,"column":25}},"loc":{"start":{"line":7,"column":47},"end":{"line":13,"column":5}},"line":7},"2":{"name":"(anonymous_2)","decl":{"start":{"line":26,"column":21},"end":{"line":26,"column":22}},"loc":{"start":{"line":26,"column":27},"end":{"line":26,"column":52}},"line":26}},"branchMap":{"0":{"loc":{"start":{"line":8,"column":8},"end":{"line":12,"column":9}},"type":"if","locations":[{"start":{"line":8,"column":8},"end":{"line":12,"column":9}},{"start":{"line":10,"column":15},"end":{"line":12,"column":9}}],"line":8}},"s":{"0":0,"1":0,"2":0,"3":0,"4":0,"5":0,"6":0,"7":0,"8":0},"f":{"0":0,"1":0,"2":0},"b":{"0":[0,0]}}
,"C:\\Users\\caleb\\source\\repos\\mern-stack-app\\client\\src\\components\\TodoForm.js": {"path":"C:\\Users\\caleb\\source\\repos\\mern-stack-app\\client\\src\\components\\TodoForm.js","statementMap":{"0":{"start":{"line":6,"column":17},"end":{"line":88,"column":1}},"1":{"start":{"line":7,"column":28},"end":{"line":7,"column":40}},"2":{"start":{"line":8,"column":28},"end":{"line":8,"column":53}},"3":{"start":{"line":9,"column":38},"end":{"line":9,"column":53}},"4":{"start":{"line":10,"column":50},"end":{"line":10,"column":62}},"5":{"start":{"line":12,"column":4},"end":{"line":19,"column":23}},"6":{"start":{"line":13,"column":8},"end":{"line":18,"column":9}},"7":{"start":{"line":14,"column":12},"end":{"line":14,"column":39}},"8":{"start":{"line":15,"column":34},"end":{"line":15,"column":89}},"9":{"start":{"line":16,"column":12},"end":{"line":16,"column":35}},"10":{"start":{"line":17,"column":12},"end":{"line":17,"column":49}},"11":{"start":{"line":21,"column":20},"end":{"line":25,"column":5}},"12":{"start":{"line":22,"column":25},"end":{"line":22,"column":137}},"13":{"start":{"line":23,"column":8},"end":{"line":23,"column":30}},"14":{"start":{"line":24,"column":8},"end":{"line":24,"column":16}},"15":{"start":{"line":27,"column":21},"end":{"line":30,"column":5}},"16":{"start":{"line":28,"column":25},"end":{"line":28,"column":156}},"17":{"start":{"line":29,"column":8},"end":{"line":29,"column":30}},"18":{"start":{"line":32,"column":26},"end":{"line":38,"column":5}},"19":{"start":{"line":33,"column":8},"end":{"line":37,"column":9}},"20":{"start":{"line":34,"column":12},"end":{"line":34,"column":22}},"21":{"start":{"line":36,"column":12},"end":{"line":36,"column":20}},"22":{"start":{"line":40,"column":18},"end":{"line":44,"column":5}},"23":{"start":{"line":41,"column":8},"end":{"line":41,"column":20}},"24":{"start":{"line":42,"column":8},"end":{"line":42,"column":33}},"25":{"start":{"line":43,"column":8},"end":{"line":43,"column":28}},"26":{"start":{"line":46,"column":25},"end":{"line":58,"column":7}},"27":{"start":{"line":47,"column":8},"end":{"line":47,"column":27}},"28":{"start":{"line":48,"column":8},"end":{"line":57,"column":9}},"29":{"start":{"line":49,"column":12},"end":{"line":54,"column":13}},"30":{"start":{"line":51,"column":16},"end":{"line":51,"column":27}},"31":{"start":{"line":53,"column":16},"end":{"line":53,"column":26}},"32":{"start":{"line":56,"column":12},"end":{"line":56,"column":33}},"33":{"start":{"line":60,"column":30},"end":{"line":62,"column":5}},"34":{"start":{"line":61,"column":8},"end":{"line":61,"column":36}},"35":{"start":{"line":64,"column":4},"end":{"line":86,"column":8}},"36":{"start":{"line":70,"column":63},"end":{"line":70,"column":86}},"37":{"start":{"line":74,"column":63},"end":{"line":74,"column":86}},"38":{"start":{"line":78,"column":74},"end":{"line":78,"column":104}}},"fnMap":{"0":{"name":"(anonymous_0)","decl":{"start":{"line":6,"column":17},"end":{"line":6,"column":18}},"loc":{"start":{"line":6,"column":63},"end":{"line":88,"column":1}},"line":6},"1":{"name":"(anonymous_1)","decl":{"start":{"line":12,"column":15},"end":{"line":12,"column":16}},"loc":{"start":{"line":12,"column":21},"end":{"line":19,"column":5}},"line":12},"2":{"name":"(anonymous_2)","decl":{"start":{"line":21,"column":20},"end":{"line":21,"column":21}},"loc":{"start":{"line":21,"column":32},"end":{"line":25,"column":5}},"line":21},"3":{"name":"(anonymous_3)","decl":{"start":{"line":27,"column":21},"end":{"line":27,"column":22}},"loc":{"start":{"line":27,"column":33},"end":{"line":30,"column":5}},"line":27},"4":{"name":"(anonymous_4)","decl":{"start":{"line":32,"column":26},"end":{"line":32,"column":27}},"loc":{"start":{"line":32,"column":32},"end":{"line":38,"column":5}},"line":32},"5":{"name":"(anonymous_5)","decl":{"start":{"line":40,"column":18},"end":{"line":40,"column":19}},"loc":{"start":{"line":40,"column":24},"end":{"line":44,"column":5}},"line":40},"6":{"name":"(anonymous_6)","decl":{"start":{"line":46,"column":25},"end":{"line":46,"column":26}},"loc":{"start":{"line":46,"column":32},"end":{"line":58,"column":7}},"line":46},"7":{"name":"(anonymous_7)","decl":{"start":{"line":60,"column":30},"end":{"line":60,"column":31}},"loc":{"start":{"line":60,"column":43},"end":{"line":62,"column":5}},"line":60},"8":{"name":"(anonymous_8)","decl":{"start":{"line":70,"column":56},"end":{"line":70,"column":57}},"loc":{"start":{"line":70,"column":63},"end":{"line":70,"column":86}},"line":70},"9":{"name":"(anonymous_9)","decl":{"start":{"line":74,"column":56},"end":{"line":74,"column":57}},"loc":{"start":{"line":74,"column":63},"end":{"line":74,"column":86}},"line":74},"10":{"name":"(anonymous_10)","decl":{"start":{"line":78,"column":67},"end":{"line":78,"column":68}},"loc":{"start":{"line":78,"column":74},"end":{"line":78,"column":104}},"line":78}},"branchMap":{"0":{"loc":{"start":{"line":6,"column":20},"end":{"line":6,"column":39}},"type":"default-arg","locations":[{"start":{"line":6,"column":35},"end":{"line":6,"column":39}}],"line":6},"1":{"loc":{"start":{"line":13,"column":8},"end":{"line":18,"column":9}},"type":"if","locations":[{"start":{"line":13,"column":8},"end":{"line":18,"column":9}},{"start":{},"end":{}}],"line":13},"2":{"loc":{"start":{"line":33,"column":8},"end":{"line":37,"column":9}},"type":"if","locations":[{"start":{"line":33,"column":8},"end":{"line":37,"column":9}},{"start":{"line":35,"column":15},"end":{"line":37,"column":9}}],"line":33},"3":{"loc":{"start":{"line":49,"column":12},"end":{"line":54,"column":13}},"type":"if","locations":[{"start":{"line":49,"column":12},"end":{"line":54,"column":13}},{"start":{"line":52,"column":19},"end":{"line":54,"column":13}}],"line":49},"4":{"loc":{"start":{"line":66,"column":15},"end":{"line":66,"column":54}},"type":"cond-expr","locations":[{"start":{"line":66,"column":30},"end":{"line":66,"column":41}},{"start":{"line":66,"column":44},"end":{"line":66,"column":54}}],"line":66},"5":{"loc":{"start":{"line":82,"column":35},"end":{"line":82,"column":64}},"type":"cond-expr","locations":[{"start":{"line":82,"column":50},"end":{"line":82,"column":56}},{"start":{"line":82,"column":59},"end":{"line":82,"column":64}}],"line":82},"6":{"loc":{"start":{"line":83,"column":59},"end":{"line":83,"column":91}},"type":"cond-expr","locations":[{"start":{"line":83,"column":74},"end":{"line":83,"column":81}},{"start":{"line":83,"column":84},"end":{"line":83,"column":91}}],"line":83}},"s":{"0":0,"1":0,"2":0,"3":0,"4":0,"5":0,"6":0,"7":0,"8":0,"9":0,"10":0,"11":0,"12":0,"13":0,"14":0,"15":0,"16":0,"17":0,"18":0,"19":0,"20":0,"21":0,"22":0,"23":0,"24":0,"25":0,"26":0,"27":0,"28":0,"29":0,"30":0,"31":0,"32":0,"33":0,"34":0,"35":0,"36":0,"37":0,"38":0},"f":{"0":0,"1":0,"2":0,"3":0,"4":0,"5":0,"6":0,"7":0,"8":0,"9":0,"10":0},"b":{"0":[0],"1":[0,0],"2":[0,0],"3":[0,0],"4":[0,0],"5":[0,0],"6":[0,0]}}
,"C:\\Users\\caleb\\source\\repos\\mern-stack-app\\client\\src\\services\\api.js": {"path":"C:\\Users\\caleb\\source\\repos\\mern-stack-app\\client\\src\\services\\api.js","statementMap":{"0":{"start":{"line":3,"column":12},"end":{"line":8,"column":2}},"1":{"start":{"line":10,"column":26},"end":{"line":10,"column":72}},"2":{"start":{"line":10,"column":36},"end":{"line":10,"column":72}}},"fnMap":{"0":{"name":"(anonymous_0)","decl":{"start":{"line":10,"column":26},"end":{"line":10,"column":27}},"loc":{"start":{"line":10,"column":36},"end":{"line":10,"column":72}},"line":10}},"branchMap":{},"s":{"0":0,"1":0,"2":0},"f":{"0":0},"b":{}}
,"C:\\Users\\caleb\\source\\repos\\mern-stack-app\\client\\src\\utils\\ThemeProvider.js": {"path":"C:\\Users\\caleb\\source\\repos\\mern-stack-app\\client\\src\\utils\\ThemeProvider.js","statementMap":{"0":{"start":{"line":1,"column":23},"end":{"line":4,"column":1}},"1":{"start":{"line":2,"column":4},"end":{"line":2,"column":42}},"2":{"start":{"line":3,"column":4},"end":{"line":3,"column":64}},"3":{"start":{"line":6,"column":24},"end":{"line":9,"column":1}},"4":{"start":{"line":7,"column":4},"end":{"line":7,"column":43}},"5":{"start":{"line":8,"column":4},"end":{"line":8,"column":65}},"6":{"start":{"line":11,"column":24},"end":{"line":21,"column":1}},"7":{"start":{"line":12,"column":24},"end":{"line":12,"column":53}},"8":{"start":{"line":14,"column":8},"end":{"line":15,"column":65}},"9":{"start":{"line":18,"column":8},"end":{"line":18,"column":71}},"10":{"start":{"line":20,"column":4},"end":{"line":20,"column":23}},"11":{"start":{"line":23,"column":24},"end":{"line":28,"column":1}},"12":{"start":{"line":24,"column":24},"end":{"line":24,"column":34}},"13":{"start":{"line":25,"column":4},"end":{"line":27,"column":5}},"14":{"start":{"line":26,"column":8},"end":{"line":26,"column":18}}},"fnMap":{"0":{"name":"(anonymous_0)","decl":{"start":{"line":1,"column":23},"end":{"line":1,"column":24}},"loc":{"start":{"line":1,"column":29},"end":{"line":4,"column":1}},"line":1},"1":{"name":"(anonymous_1)","decl":{"start":{"line":6,"column":24},"end":{"line":6,"column":25}},"loc":{"start":{"line":6,"column":30},"end":{"line":9,"column":1}},"line":6},"2":{"name":"(anonymous_2)","decl":{"start":{"line":11,"column":24},"end":{"line":11,"column":25}},"loc":{"start":{"line":11,"column":30},"end":{"line":21,"column":1}},"line":11},"3":{"name":"(anonymous_3)","decl":{"start":{"line":23,"column":24},"end":{"line":23,"column":25}},"loc":{"start":{"line":23,"column":30},"end":{"line":28,"column":1}},"line":23}},"branchMap":{"0":{"loc":{"start":{"line":14,"column":8},"end":{"line":15,"column":65}},"type":"binary-expr","locations":[{"start":{"line":14,"column":8},"end":{"line":14,"column":25}},{"start":{"line":15,"column":8},"end":{"line":15,"column":65}}],"line":14},"1":{"loc":{"start":{"line":18,"column":8},"end":{"line":18,"column":71}},"type":"binary-expr","locations":[{"start":{"line":18,"column":8},"end":{"line":18,"column":30}},{"start":{"line":18,"column":35},"end":{"line":18,"column":55}},{"start":{"line":18,"column":59},"end":{"line":18,"column":70}}],"line":18},"2":{"loc":{"start":{"line":25,"column":4},"end":{"line":27,"column":5}},"type":"if","locations":[{"start":{"line":25,"column":4},"end":{"line":27,"column":5}},{"start":{},"end":{}}],"line":25}},"s":{"0":0,"1":0,"2":0,"3":0,"4":0,"5":0,"6":0,"7":0,"8":0,"9":0,"10":0,"11":0,"12":0,"13":0,"14":0},"f":{"0":0,"1":0,"2":0,"3":0},"b":{"0":[0,0],"1":[0,0,0],"2":[0,0]}}
,"C:\\Users\\caleb\\source\\repos\\mern-stack-app\\client\\src\\utils\\Utils.js": {"path":"C:\\Users\\caleb\\source\\repos\\mern-stack-app\\client\\src\\utils\\Utils.js","statementMap":{"0":{"start":{"line":1,"column":29},"end":{"line":4,"column":1}},"1":{"start":{"line":2,"column":18},"end":{"line":2,"column":28}},"2":{"start":{"line":3,"column":4},"end":{"line":3,"column":45}}},"fnMap":{"0":{"name":"(anonymous_0)","decl":{"start":{"line":1,"column":29},"end":{"line":1,"column":30}},"loc":{"start":{"line":1,"column":35},"end":{"line":4,"column":1}},"line":1}},"branchMap":{},"s":{"0":0,"1":0,"2":0},"f":{"0":0},"b":{}}
}
